\BOOKMARK [0][-]{chapter.1}{\376\377\000I\000n\000t\000r\000o\000d\000u\000c\000t\000i\000o\000n}{}% 1
\BOOKMARK [0][-]{chapter.2}{\376\377\000T\000h\000e\000\040\000R\000e\000n\000o\000r\000m\000a\000l\000i\000s\000a\000t\000i\000o\000n\000\040\000G\000r\000o\000u\000p}{}% 2
\BOOKMARK [1][-]{section.2.1}{\376\377\000R\000e\000n\000o\000r\000m\000a\000l\000i\000s\000a\000t\000i\000o\000n}{chapter.2}% 3
\BOOKMARK [1][-]{section.2.2}{\376\377\000T\000h\000e\000\040\000C\000a\000l\000l\000a\000n\000-\000S\000y\000m\000a\000n\000z\000i\000k\000\040\000E\000q\000u\000a\000t\000i\000o\000n}{chapter.2}% 4
\BOOKMARK [1][-]{section.2.3}{\376\377\000T\000h\000e\000\040\000b\000e\000t\000a\000\040\000f\000u\000n\000c\000t\000i\000o\000n}{chapter.2}% 5
\BOOKMARK [2][-]{subsection.2.3.1}{\376\377\000A\000n\000\040\000e\000x\000a\000m\000p\000l\000e\000:\000\040\000N\000o\000n\000-\000A\000b\000e\000l\000i\000a\000n\000\040\000L\000a\000g\000r\000a\000n\000g\000i\000a\000n}{section.2.3}% 6
\BOOKMARK [2][-]{subsection.2.3.2}{\376\377\000S\000o\000l\000u\000t\000i\000o\000n\000s\000\040\000t\000o\000\040\000t\000h\000e\000\040\000b\000e\000t\000a\000\040\000f\000u\000n\000c\000t\000i\000o\000n\000\040\000a\000n\000d\000\040\000a\000s\000y\000m\000p\000t\000o\000t\000i\000c\000\040\000f\000r\000e\000e\000d\000o\000m}{section.2.3}% 7
\BOOKMARK [0][-]{chapter.3}{\376\377\000G\000r\000a\000n\000d\000\040\000U\000n\000i\000f\000i\000e\000d\000\040\000T\000h\000e\000o\000r\000i\000e\000s}{}% 8
\BOOKMARK [1][-]{section.3.1}{\376\377\000C\000h\000i\000r\000a\000l\000\040\000t\000h\000e\000o\000r\000i\000e\000s}{chapter.3}% 9
\BOOKMARK [1][-]{section.3.2}{\376\377\000S\000t\000a\000n\000d\000a\000r\000d\000\040\000M\000o\000d\000e\000l}{chapter.3}% 10
\BOOKMARK [2][-]{subsection.3.2.1}{\376\377\000G\000a\000u\000g\000e\000\040\000b\000o\000s\000o\000n\000s}{section.3.2}% 11
\BOOKMARK [2][-]{subsection.3.2.2}{\376\377\000F\000e\000r\000m\000i\000o\000n\000i\000c\000\040\000m\000a\000t\000t\000e\000r}{section.3.2}% 12
\BOOKMARK [2][-]{subsection.3.2.3}{\376\377\000T\000h\000e\000\040\000H\000i\000g\000g\000s\000\040\000m\000e\000c\000h\000a\000n\000i\000s\000m\000\040\000a\000n\000d\000\040\000Y\000u\000k\000a\000w\000a\000\040\000t\000e\000r\000m\000s}{section.3.2}% 13
\BOOKMARK [2][-]{subsection.3.2.4}{\376\377\000T\000h\000e\000\040\000S\000M\000\040\000a\000n\000d\000\040\000p\000r\000o\000b\000l\000e\000m\000s}{section.3.2}% 14
\BOOKMARK [1][-]{section.3.3}{\376\377\000M\000o\000t\000i\000v\000a\000t\000i\000o\000n\000\040\000o\000f\000\040\000S\000t\000a\000n\000d\000a\000r\000d\000\040\000M\000o\000d\000e\000l\000\040\000e\000x\000t\000e\000n\000s\000i\000o\000n\000s}{chapter.3}% 15
\BOOKMARK [1][-]{section.3.4}{\376\377\000S\000U\000\050\0005\000\051}{chapter.3}% 16
\BOOKMARK [2][-]{subsection.3.4.1}{\376\377\000B\000r\000e\000a\000k\000i\000n\000g\000\040\000o\000f\000\040\000t\000h\000e\000\040\000G\000U\000T\000\040\000g\000r\000o\000u\000p\000\040\000t\000o\000\040\000t\000h\000e\000\040\000S\000M\000\040\000g\000a\000u\000g\000e\000\040\000g\000r\000o\000u\000p\000s}{section.3.4}% 17
\BOOKMARK [2][-]{subsection.3.4.2}{\376\377\000T\000h\000e\000\040\000H\000i\000g\000g\000s\000\040\000b\000o\000s\000o\000n\000\040\000i\000n\000\040\000S\000U\000\050\0005\000\051}{section.3.4}% 18
\BOOKMARK [1][-]{section.3.5}{\376\377\000A\000l\000t\000e\000r\000n\000a\000t\000i\000v\000e\000\040\000G\000U\000T\000s}{chapter.3}% 19
\BOOKMARK [0][-]{chapter.4}{\376\377\000C\000A\000F\000\040\000F\000r\000a\000m\000e\000w\000o\000r\000k}{}% 20
\BOOKMARK [1][-]{section.4.1}{\376\377\000O\000D\000E\000\040\000a\000p\000p\000r\000o\000a\000c\000h}{chapter.4}% 21
\BOOKMARK [2][-]{subsection.4.1.1}{\376\377\000G\000a\000u\000g\000e\000\040\000C\000o\000u\000p\000l\000i\000n\000g}{section.4.1}% 22
\BOOKMARK [2][-]{subsection.4.1.2}{\376\377\000Y\000u\000k\000a\000w\000a\000\040\000C\000o\000u\000p\000l\000i\000n\000g\000\040}{section.4.1}% 23
\BOOKMARK [2][-]{subsection.4.1.3}{\376\377\000Q\000u\000a\000r\000t\000i\000c\000\040\000S\000c\000a\000l\000a\000r\000\040\000C\000o\000u\000p\000l\000i\000n\000g}{section.4.1}% 24
\BOOKMARK [1][-]{section.4.2}{\376\377\000P\000o\000l\000y\000n\000o\000m\000i\000a\000l\000\040\000a\000p\000p\000r\000o\000a\000c\000h}{chapter.4}% 25
\BOOKMARK [2][-]{subsection.4.2.1}{\376\377\000I\000n\000t\000e\000r\000p\000l\000a\000y\000\040\000o\000f\000\040\000M\000u\000l\000t\000i\000p\000l\000e\000\040\000C\000o\000u\000p\000l\000i\000n\000g\000s}{section.4.2}% 26
\BOOKMARK [0][-]{chapter.5}{\376\377\000C\000h\000i\000r\000a\000l\000\040\000m\000o\000d\000e\000l\000s}{}% 27
\BOOKMARK [1][-]{section.5.1}{\376\377\000I\000n\000t\000r\000o\000d\000u\000c\000t\000i\000o\000n\000\040\000o\000f\000\040\000t\000h\000e\000\040\000C\000h\000i\000r\000a\000l\000\040\000M\000o\000d\000e\000l\000s}{chapter.5}% 28
\BOOKMARK [2][-]{subsection.5.1.1}{\376\377\000S\000c\000a\000l\000a\000r\000-\000F\000r\000e\000e\000\040\000G\000e\000o\000r\000g\000i\040\023\000G\000l\000a\000s\000h\000o\000w\000\040\000m\000o\000d\000e\000l}{section.5.1}% 29
\BOOKMARK [2][-]{subsection.5.1.2}{\376\377\000S\000c\000a\000l\000a\000r\000-\000F\000r\000e\000e\000\040\000B\000a\000r\000s\040\023\000Y\000a\000n\000k\000i\000e\000l\000o\000w\000i\000c\000z\000\040\000m\000o\000d\000e\000l}{section.5.1}% 30
\BOOKMARK [1][-]{section.5.2}{\376\377\000A\000d\000d\000i\000n\000g\000\040\000a\000\040\000S\000i\000n\000g\000l\000e\000\040\000A\000n\000t\000i\000-\000F\000u\000n\000d\000a\000m\000e\000n\000t\000a\000l\000\040\000S\000c\000a\000l\000a\000r}{chapter.5}% 31
\BOOKMARK [2][-]{subsection.5.2.1}{\376\377\000I\000n\000c\000l\000u\000s\000i\000o\000n\000\040\000o\000f\000\040\000C\000h\000i\000r\000a\000l\000\040\000F\000a\000m\000i\000l\000i\000e\000s\000\040}{section.5.2}% 32
\BOOKMARK [1][-]{section.5.3}{\376\377\000A\000d\000d\000i\000n\000g\000\040\000a\000\040\000S\000i\000n\000g\000l\000e\000\040\000A\000d\000j\000o\000i\000n\000t\000\040\000s\000c\000a\000l\000a\000r}{chapter.5}% 33
\BOOKMARK [2][-]{subsection.5.3.1}{\376\377\000I\000n\000c\000l\000u\000s\000i\000o\000n\000\040\000o\000f\000\040\000C\000h\000i\000r\000a\000l\000\040\000F\000a\000m\000i\000l\000i\000e\000s}{section.5.3}% 34
\BOOKMARK [0][-]{chapter.6}{\376\377\000C\000o\000n\000c\000l\000u\000s\000i\000o\000n}{}% 35
\BOOKMARK [1][-]{section.6.1}{\376\377\000C\000o\000n\000c\000l\000u\000s\000i\000o\000n}{chapter.6}% 36
\BOOKMARK [0][-]{appendix.A}{\376\377\000G\000r\000o\000u\000p\000\040\000t\000h\000e\000o\000r\000y}{}% 37
\BOOKMARK [1][-]{section.A.1}{\376\377\000G\000r\000o\000u\000p\000s}{appendix.A}% 38
\BOOKMARK [1][-]{section.A.2}{\376\377\000R\000e\000p\000r\000e\000s\000e\000n\000t\000a\000t\000i\000o\000n}{appendix.A}% 39
\BOOKMARK [1][-]{section.A.3}{\376\377\000S\000u\000b\000g\000r\000o\000u\000p\000s}{appendix.A}% 40
\BOOKMARK [1][-]{section.A.4}{\376\377\000Y\000o\000u\000n\000g\000\040\000T\000a\000b\000l\000e\000a\000u\000x}{appendix.A}% 41
\BOOKMARK [1][-]{section.A.5}{\376\377\000L\000i\000e\000\040\000g\000r\000o\000u\000p\000s}{appendix.A}% 42
\BOOKMARK [2][-]{subsection.A.5.1}{\376\377\000N\000o\000n\000-\000a\000b\000e\000l\000i\000a\000n\000\040\000g\000r\000o\000u\000p\000\040\000r\000e\000p\000r\000e\000s\000e\000n\000t\000a\000t\000i\000o\000n\000s}{section.A.5}% 43
\BOOKMARK [2][-]{subsection.A.5.2}{\376\377\000Y\000o\000u\000n\000g\000\040\000t\000a\000b\000l\000e\000a\000u\000x\000\040\000f\000o\000r\000\040\000S\000U\000\050\000N\000\051}{section.A.5}% 44
\BOOKMARK [0][-]{appendix.B}{\376\377\000C\000A\000F\000\040\000f\000r\000a\000m\000e\000w\000o\000r\000k}{}% 45
\BOOKMARK [1][-]{section.B.1}{\376\377\000D\000e\000t\000a\000i\000l\000e\000d\000\040\000C\000A\000F\000\040\000a\000n\000a\000l\000y\000s\000i\000s}{appendix.B}% 46
\BOOKMARK [2][-]{subsection.B.1.1}{\376\377\000C\000A\000F\000\040\000A\000n\000a\000l\000y\000s\000i\000s\000\040\000f\000r\000o\000m\000\040\000S\000o\000l\000v\000i\000n\000g\000\040\000O\000D\000E\000'\000s}{section.B.1}% 47
\BOOKMARK [2][-]{subsection.B.1.2}{\376\377\000C\000A\000F\000\040\000A\000n\000a\000l\000y\000s\000i\000s\000\040\000U\000s\000i\000n\000g\000\040\000t\000h\000e\000\040\000F\000i\000x\000e\000d\000-\000F\000l\000o\000w\000\040\000F\000r\000a\000m\000e\000w\000o\000r\000k}{section.B.1}% 48
\BOOKMARK [0][-]{appendix.C}{\376\377\000C\000h\000i\000r\000a\000l\000\040\000m\000o\000d\000e\000l\000s}{}% 49
\BOOKMARK [1][-]{section.C.1}{\376\377\000T\000h\000e\000\040\000F\000i\000e\000r\000z\000\040\000i\000d\000e\000n\000t\000i\000t\000y}{appendix.C}% 50
\BOOKMARK [1][-]{section.C.2}{\376\377\000B\000Y\000\040\000m\000o\000d\000e\000l\000\040\000w\000i\000t\000h\000\040\000N\000=\0003}{appendix.C}% 51
\BOOKMARK [1][-]{section.C.3}{\376\377\000S\000u\000p\000p\000l\000e\000m\000e\000n\000t\000a\000r\000y\000\040\000F\000i\000g\000u\000r\000e\000s}{appendix.C}% 52
\BOOKMARK [2][-]{subsection.C.3.1}{\376\377\000R\000G\000\040\000F\000l\000o\000w\000s\000:\000\040\000B\000Y\000\040\000m\000o\000d\000e\000l\000\040\000w\000i\000t\000h\000\040\000a\000n\000\040\000A\000n\000t\000i\000-\000F\000u\000n\000d\000a\000m\000e\000n\000t\000a\000l\000\040\000S\000c\000a\000l\000a\000r}{section.C.3}% 53
\BOOKMARK [2][-]{subsection.C.3.2}{\376\377\000C\000h\000i\000r\000a\000l\000\040\000M\000o\000d\000e\000l\000s\000\040\000w\000i\000t\000h\000\040\000a\000n\000\040\000A\000d\000j\000o\000i\000n\000t\000\040\000S\000c\000a\000l\000a\000r}{section.C.3}% 54
