\BOOKMARK [0][-]{chapter.1}{\376\377\000P\000h\000y\000s\000i\000c\000s\000\040\000t\000h\000e\000o\000r\000y}{}% 1
\BOOKMARK [1][-]{section.1.1}{\376\377\000E\000f\000f\000e\000c\000t\000i\000v\000e\000\040\000p\000o\000t\000e\000n\000t\000i\000a\000l}{chapter.1}% 2
\BOOKMARK [2][-]{subsection.1.1.1}{\376\377\000C\000a\000l\000c\000u\000l\000a\000t\000i\000o\000n\000\040\000o\000f\000\040\000t\000h\000e\000\040\000e\000f\000f\000e\000c\000t\000i\000v\000e\000\040\000p\000o\000t\000e\000n\000t\000i\000a\000l}{section.1.1}% 3
\BOOKMARK [1][-]{section.1.2}{\376\377\000I\000n\000f\000i\000n\000i\000t\000e\000\040\000h\000e\000a\000t\000\040\000o\000r\000d\000e\000r}{chapter.1}% 4
\BOOKMARK [2][-]{subsection.1.2.1}{\376\377\000C\000a\000l\000c\000u\000l\000a\000t\000i\000o\000n\000s\000\040\000f\000o\000r\000\040\000n\000e\000w\000\040\000p\000a\000p\000e\000r}{section.1.2}% 5
\BOOKMARK [1][-]{section.1.3}{\376\377\000T\000h\000e\000\040\000r\000e\000n\000o\000r\000m\000a\000l\000i\000s\000a\000t\000i\000o\000n\000\040\000g\000r\000o\000u\000p}{chapter.1}% 6
\BOOKMARK [2][-]{subsection.1.3.1}{\376\377\000T\000h\000e\000\040\000C\000a\000l\000l\000a\000n\000-\000S\000y\000m\000a\000n\000z\000i\000k\000\040\000E\000q\000u\000a\000t\000i\000o\000n}{section.1.3}% 7
\BOOKMARK [2][-]{subsection.1.3.2}{\376\377\000T\000h\000e\000\040\000b\000e\000t\000a\000\040\000f\000u\000n\000c\000t\000i\000o\000n\000\040\000a\000n\000d\000\040\000a\000n\000o\000m\000a\000l\000o\000u\000s\000\040\000d\000i\000m\000e\000n\000s\000i\000o\000n\000s}{section.1.3}% 8
\BOOKMARK [2][-]{subsection.1.3.3}{\376\377\000F\000i\000x\000e\000d\000\040\000p\000o\000i\000n\000t\000\040\000a\000n\000a\000l\000y\000s\000i\000s}{section.1.3}% 9
\BOOKMARK [1][-]{section.1.4}{\376\377\000G\000U\000T\000s}{chapter.1}% 10
\BOOKMARK [2][-]{subsection.1.4.1}{\376\377\000S\000t\000a\000n\000d\000a\000r\000d\000\040\000M\000o\000d\000e\000l}{section.1.4}% 11
\BOOKMARK [2][-]{subsection.1.4.2}{\376\377\000W\000h\000y\000\040\000G\000U\000T\000s}{section.1.4}% 12
\BOOKMARK [2][-]{subsection.1.4.3}{\376\377\000S\000U\000\050\0005\000\051}{section.1.4}% 13
\BOOKMARK [2][-]{subsection.1.4.4}{\376\377\000S\000O\000\050\0001\0000\000\051}{section.1.4}% 14
\BOOKMARK [1][-]{section.1.5}{\376\377\000C\000A\000F\000\040\000a\000n\000a\000l\000y\000s\000i\000s}{chapter.1}% 15
\BOOKMARK [1][-]{section.1.6}{\376\377\000C\000h\000i\000r\000a\000l\000\040\000t\000h\000e\000o\000r\000i\000e\000s}{chapter.1}% 16
\BOOKMARK [1][-]{section.1.7}{\376\377\000C\000h\000i\000r\000a\000l\000\040\000m\000o\000d\000e\000l\000s\000\040\000w\000i\000t\000h\000\040\000s\000c\000a\000l\000a\000r\000s}{chapter.1}% 17
\BOOKMARK [2][-]{subsection.1.7.1}{\376\377\000G\000G\000-\000m\000o\000d\000e\000l\000\040\000w\000i\000t\000h\000\040\000p\000=\0000}{section.1.7}% 18
\BOOKMARK [2][-]{subsection.1.7.2}{\376\377\000B\000Y\000-\000m\000o\000d\000e\000l\000\040\000w\000i\000t\000h\000\040\000p\000=\0000}{section.1.7}% 19
\BOOKMARK [2][-]{subsection.1.7.3}{\376\377\000C\000A\000F\000\040\000a\000n\000a\000l\000y\000s\000i\000s\000\040\000o\000f\000\040\000t\000h\000e\000\040\000G\000G\000\040\000a\000n\000d\000\040\000B\000Y\000\040\000m\000o\000d\000e\000l\000\040\000w\000i\000t\000h\000\040\000p\000=\0000}{section.1.7}% 20
\BOOKMARK [2][-]{subsection.1.7.4}{\376\377\000G\000G\000\040\000a\000n\000d\000\040\000B\000Y\000\040\000m\000o\000d\000e\000l\000s\000\040\000w\000i\000t\000h\000\040\000p\000=\0000}{section.1.7}% 21
\BOOKMARK [2][-]{subsection.1.7.5}{\376\377\000G\000G\000\040\000a\000n\000d\000\040\000B\000Y\000\040\000m\000o\000d\000e\000l\000s\000\040\000w\000i\000t\000h\000\040\000N\000g\000\040\000c\000h\000i\000r\000a\000l\000\040\000f\000a\000m\000i\000l\000i\000e\000s}{section.1.7}% 22
\BOOKMARK [1][-]{section.1.8}{\376\377\000C\000h\000i\000r\000a\000l\000\040\000m\000o\000d\000e\000l\000s\000\040\000w\000i\000t\000h\000\040\000s\000c\000a\000l\000a\000r\000s}{chapter.1}% 23
\BOOKMARK [2][-]{subsection.1.8.1}{\376\377\000G\000G\000-\000m\000o\000d\000e\000l\000\040\000w\000i\000t\000h\000\040\000p\000=\0000}{section.1.8}% 24
\BOOKMARK [2][-]{subsection.1.8.2}{\376\377\000B\000Y\000-\000m\000o\000d\000e\000l\000\040\000w\000i\000t\000h\000\040\000p\000=\0000}{section.1.8}% 25
\BOOKMARK [2][-]{subsection.1.8.3}{\376\377\000B\000e\000t\000a\000\040\000f\000u\000n\000c\000t\000i\000o\000n\000s}{section.1.8}% 26
\BOOKMARK [2][-]{subsection.1.8.4}{\376\377\000G\000G\000\040\000a\000n\000d\000\040\000B\000Y\000\040\000m\000o\000d\000e\000l\000s\000\040\000w\000i\000t\000h\000\040\000p\000=\0000}{section.1.8}% 27
\BOOKMARK [2][-]{subsection.1.8.5}{\376\377\000G\000G\000\040\000a\000n\000d\000\040\000B\000Y\000\040\000m\000o\000d\000e\000l\000s\000,\000\040\000n\000e\000w\000\040\000s\000c\000a\000l\000a\000r\000\040\000r\000e\000p\000r\000e\000s\000e\000n\000t\000a\000t\000i\000o\000n\000,\000\040\000w\000i\000t\000h\000\040\000p\000=\0000}{section.1.8}% 28
\BOOKMARK [1][-]{section.1.9}{\376\377\000I\000n\000f\000i\000n\000i\000t\000e\000\040\000h\000e\000a\000t\000\040\000o\000r\000d\000e\000r}{chapter.1}% 29
\BOOKMARK [1][-]{section.1.10}{\376\377\000\040\000T\000h\000e\000\040\0001\000-\000l\000o\000o\000p\000\040\000R\000G\000\040\000e\000q\000u\000a\000t\000i\000o\000n\000s}{chapter.1}% 30
\BOOKMARK [2][-]{subsection.1.10.1}{\376\377\000\040\000S\000U\000\050\000N\000c\0001\000\051\000\040\000S\000U\000\050\000N\000c\0002\000\051\000\040\000w\000i\000t\000h\000\040\000t\000w\000o\000\040\000s\000c\000a\000l\000a\000r\000\040\000f\000u\000n\000d\000a\000m\000e\000n\000t\000a\000l\000s}{section.1.10}% 31
